e:\projects\opengl\projects\jefferson\jefferson\x64\debug\vc141.pdb
e:\projects\opengl\projects\jefferson\jefferson\x64\debug\vc141.idb
e:\projects\opengl\projects\jefferson\jefferson\x64\debug\texture.obj
e:\projects\opengl\projects\jefferson\jefferson\x64\debug\object.obj
e:\projects\opengl\projects\jefferson\jefferson\x64\debug\mat_vect.obj
e:\projects\opengl\projects\jefferson\jefferson\x64\debug\mat_matr.obj
e:\projects\opengl\projects\jefferson\jefferson\x64\debug\load_3ds.obj
e:\projects\opengl\projects\jefferson\jefferson\x64\debug\hrtf_signals.obj
e:\projects\opengl\projects\jefferson\x64\debug\jefferson.lib
e:\projects\opengl\projects\jefferson\x64\debug\jefferson.exp
e:\projects\opengl\projects\jefferson\x64\debug\jefferson.exe
e:\projects\opengl\projects\jefferson\x64\debug\jefferson.ilk
e:\projects\opengl\projects\jefferson\x64\debug\jefferson.pdb
e:\projects\opengl\projects\jefferson\jefferson\x64\debug\cudapart.cu.cache
e:\projects\opengl\projects\jefferson\jefferson\x64\debug\graphics.cu.cache
e:\projects\opengl\projects\jefferson\jefferson\x64\debug\hrtf_signals.cu.cache
e:\projects\opengl\projects\jefferson\jefferson\x64\debug\main.cu.cache
e:\projects\opengl\projects\jefferson\jefferson\x64\debug\cudapart.cu.obj
e:\projects\opengl\projects\jefferson\jefferson\x64\debug\graphics.cu.obj
e:\projects\opengl\projects\jefferson\jefferson\x64\debug\hrtf_signals.cu.obj
e:\projects\opengl\projects\jefferson\jefferson\x64\debug\main.cu.obj
e:\projects\opengl\projects\jefferson\jefferson\x64\debug\jefferson.tlog\cl.command.1.tlog
e:\projects\opengl\projects\jefferson\jefferson\x64\debug\jefferson.tlog\cl.read.1.tlog
e:\projects\opengl\projects\jefferson\jefferson\x64\debug\jefferson.tlog\cl.write.1.tlog
e:\projects\opengl\projects\jefferson\jefferson\x64\debug\jefferson.tlog\jefferson.write.1u.tlog
e:\projects\opengl\projects\jefferson\jefferson\x64\debug\jefferson.tlog\link.command.1.tlog
e:\projects\opengl\projects\jefferson\jefferson\x64\debug\jefferson.tlog\link.read.1.tlog
e:\projects\opengl\projects\jefferson\jefferson\x64\debug\jefferson.tlog\link.write.1.tlog
