  
  E:\Projects\OpenGL\Projects\Jefferson\Jefferson>"C:\Program Files\NVIDIA GPU Computing Toolkit\CUDA\v9.2\bin\nvcc.exe" -ccbin "C:\Program Files (x86)\Microsoft Visual Studio\2017\Community\VC\Tools\MSVC\14.13.26128\bin\HostX86\x64" -x cu  -I"C:\Program Files\NVIDIA GPU Computing Toolkit\CUDA\v9.2\include" -I"C:\Program Files\NVIDIA GPU Computing Toolkit\CUDA\v9.2\include"  -G   --keep-dir x64\Debug -maxrregcount=0  --machine 64 --compile   -g   -DWIN32 -DWIN64 -D_DEBUG -D_CONSOLE -D_MBCS -Xcompiler "/EHsc /W3 /nologo /Od /FS /Zi /RTC1 /MDd " -o x64\Debug\cudaPart.cu.obj "E:\Projects\OpenGL\Projects\Jefferson\Jefferson\cudaPart.cu" -clean 
  cudaPart.cu
  
  E:\Projects\OpenGL\Projects\Jefferson\Jefferson>"C:\Program Files\NVIDIA GPU Computing Toolkit\CUDA\v9.2\bin\nvcc.exe" -ccbin "C:\Program Files (x86)\Microsoft Visual Studio\2017\Community\VC\Tools\MSVC\14.13.26128\bin\HostX86\x64" -x cu  -I"C:\Program Files\NVIDIA GPU Computing Toolkit\CUDA\v9.2\include" -I"C:\Program Files\NVIDIA GPU Computing Toolkit\CUDA\v9.2\include"  -G   --keep-dir x64\Debug -maxrregcount=0  --machine 64 --compile   -g   -DWIN32 -DWIN64 -D_DEBUG -D_CONSOLE -D_MBCS -Xcompiler "/EHsc /W3 /nologo /Od /FS /Zi /RTC1 /MDd " -o x64\Debug\graphics.cu.obj "E:\Projects\OpenGL\Projects\Jefferson\Jefferson\graphics.cu" -clean 
  graphics.cu
  
  E:\Projects\OpenGL\Projects\Jefferson\Jefferson>"C:\Program Files\NVIDIA GPU Computing Toolkit\CUDA\v9.2\bin\nvcc.exe" -ccbin "C:\Program Files (x86)\Microsoft Visual Studio\2017\Community\VC\Tools\MSVC\14.13.26128\bin\HostX86\x64" -x cu  -I"C:\Program Files\NVIDIA GPU Computing Toolkit\CUDA\v9.2\include" -I"C:\Program Files\NVIDIA GPU Computing Toolkit\CUDA\v9.2\include"  -G   --keep-dir x64\Debug -maxrregcount=0  --machine 64 --compile   -g   -DWIN32 -DWIN64 -D_DEBUG -D_CONSOLE -D_MBCS -Xcompiler "/EHsc /W3 /nologo /Od /FS /Zi /RTC1 /MDd " -o x64\Debug\hrtf_signals.cu.obj "E:\Projects\OpenGL\Projects\Jefferson\Jefferson\hrtf_signals.cu" -clean 
  hrtf_signals.cu
  
  E:\Projects\OpenGL\Projects\Jefferson\Jefferson>"C:\Program Files\NVIDIA GPU Computing Toolkit\CUDA\v9.2\bin\nvcc.exe" -ccbin "C:\Program Files (x86)\Microsoft Visual Studio\2017\Community\VC\Tools\MSVC\14.13.26128\bin\HostX86\x64" -x cu  -I"C:\Program Files\NVIDIA GPU Computing Toolkit\CUDA\v9.2\include" -I"C:\Program Files\NVIDIA GPU Computing Toolkit\CUDA\v9.2\include"  -G   --keep-dir x64\Debug -maxrregcount=0  --machine 64 --compile   -g   -DWIN32 -DWIN64 -D_DEBUG -D_CONSOLE -D_MBCS -Xcompiler "/EHsc /W3 /nologo /Od /FS /Zi /RTC1 /MDd " -o x64\Debug\main.cu.obj "E:\Projects\OpenGL\Projects\Jefferson\Jefferson\main.cu" -clean 
  main.cu
  Compiling CUDA source file cudaPart.cu...
  Compiling CUDA source file hrtf_signals.cu...
  Compiling CUDA source file main.cu...
  Compiling CUDA source file graphics.cu...
  
  
  
  E:\Projects\OpenGL\Projects\Jefferson\Jefferson>"C:\Program Files\NVIDIA GPU Computing Toolkit\CUDA\v9.2\bin\nvcc.exe" -gencode=arch=compute_30,code=\"sm_30,compute_30\" --use-local-env -ccbin "C:\Program Files (x86)\Microsoft Visual Studio\2017\Community\VC\Tools\MSVC\14.13.26128\bin\HostX86\x64" -x cu  -I"C:\Program Files\NVIDIA GPU Computing Toolkit\CUDA\v9.2\include" -I"C:\Program Files\NVIDIA GPU Computing Toolkit\CUDA\v9.2\include"  -G   --keep-dir x64\Debug -maxrregcount=0  --machine 64 --compile -cudart static  -g   -DWIN32 -DWIN64 -D_DEBUG -D_CONSOLE -D_MBCS -Xcompiler "/EHsc /W3 /nologo /Od /FS /Zi /RTC1 /MDd " -o x64\Debug\cudaPart.cu.obj "E:\Projects\OpenGL\Projects\Jefferson\Jefferson\cudaPart.cu" 
  E:\Projects\OpenGL\Projects\Jefferson\Jefferson>"C:\Program Files\NVIDIA GPU Computing Toolkit\CUDA\v9.2\bin\nvcc.exe" -gencode=arch=compute_30,code=\"sm_30,compute_30\" --use-local-env -ccbin "C:\Program Files (x86)\Microsoft Visual Studio\2017\Community\VC\Tools\MSVC\14.13.26128\bin\HostX86\x64" -x cu  -I"C:\Program Files\NVIDIA GPU Computing Toolkit\CUDA\v9.2\include" -I"C:\Program Files\NVIDIA GPU Computing Toolkit\CUDA\v9.2\include"  -G   --keep-dir x64\Debug -maxrregcount=0  --machine 64 --compile -cudart static  -g   -DWIN32 -DWIN64 -D_DEBUG -D_CONSOLE -D_MBCS -Xcompiler "/EHsc /W3 /nologo /Od /FS /Zi /RTC1 /MDd " -o x64\Debug\main.cu.obj "E:\Projects\OpenGL\Projects\Jefferson\Jefferson\main.cu" 
  E:\Projects\OpenGL\Projects\Jefferson\Jefferson>"C:\Program Files\NVIDIA GPU Computing Toolkit\CUDA\v9.2\bin\nvcc.exe" -gencode=arch=compute_30,code=\"sm_30,compute_30\" --use-local-env -ccbin "C:\Program Files (x86)\Microsoft Visual Studio\2017\Community\VC\Tools\MSVC\14.13.26128\bin\HostX86\x64" -x cu  -I"C:\Program Files\NVIDIA GPU Computing Toolkit\CUDA\v9.2\include" -I"C:\Program Files\NVIDIA GPU Computing Toolkit\CUDA\v9.2\include"  -G   --keep-dir x64\Debug -maxrregcount=0  --machine 64 --compile -cudart static  -g   -DWIN32 -DWIN64 -D_DEBUG -D_CONSOLE -D_MBCS -Xcompiler "/EHsc /W3 /nologo /Od /FS /Zi /RTC1 /MDd " -o x64\Debug\hrtf_signals.cu.obj "E:\Projects\OpenGL\Projects\Jefferson\Jefferson\hrtf_signals.cu" 
  
  E:\Projects\OpenGL\Projects\Jefferson\Jefferson>"C:\Program Files\NVIDIA GPU Computing Toolkit\CUDA\v9.2\bin\nvcc.exe" -gencode=arch=compute_30,code=\"sm_30,compute_30\" --use-local-env -ccbin "C:\Program Files (x86)\Microsoft Visual Studio\2017\Community\VC\Tools\MSVC\14.13.26128\bin\HostX86\x64" -x cu  -I"C:\Program Files\NVIDIA GPU Computing Toolkit\CUDA\v9.2\include" -I"C:\Program Files\NVIDIA GPU Computing Toolkit\CUDA\v9.2\include"  -G   --keep-dir x64\Debug -maxrregcount=0  --machine 64 --compile -cudart static  -g   -DWIN32 -DWIN64 -D_DEBUG -D_CONSOLE -D_MBCS -Xcompiler "/EHsc /W3 /nologo /Od /FS /Zi /RTC1 /MDd " -o x64\Debug\graphics.cu.obj "E:\Projects\OpenGL\Projects\Jefferson\Jefferson\graphics.cu" 
E:/Projects/OpenGL/Projects/Jefferson/Jefferson/cudaPart.cu(50): warning : conversion from a string literal to "char *" is deprecated
E:/Projects/OpenGL/Projects/Jefferson/Jefferson/cudaPart.cu(51): warning : conversion from a string literal to "char *" is deprecated
E:/Projects/OpenGL/Projects/Jefferson/Jefferson/hrtf_signals.cu(14): warning : variable "count" was set but never used
  hrtf_signals.cu
  main.cu
  graphics.cu
E:/Projects/OpenGL/Projects/Jefferson/Jefferson/hrtf_signals.cu(7): warning C4838: conversion from 'double' to 'float' requires a narrowing conversion
E:/Projects/OpenGL/Projects/Jefferson/Jefferson/hrtf_signals.cu(7): warning C4305: 'initializing': truncation from 'double' to 'float'
E:/Projects/OpenGL/Projects/Jefferson/Jefferson/hrtf_signals.cu(50): warning C4244: '=': conversion from 'sf_count_t' to 'int', possible loss of data
E:/Projects/OpenGL/Projects/Jefferson/Jefferson/hrtf_signals.cu(51): warning C4244: '=': conversion from 'sf_count_t' to 'int', possible loss of data
E:/Projects/OpenGL/Projects/Jefferson/Jefferson/hrtf_signals.cu(92): warning C4305: '=': truncation from 'double' to 'float'
E:/Projects/OpenGL/Projects/Jefferson/Jefferson/hrtf_signals.cu(103): warning C4305: '=': truncation from 'double' to 'float'
E:/Projects/OpenGL/Projects/Jefferson/Jefferson/main.cu(12): warning C4305: '=': truncation from 'double' to 'float'
E:/Projects/OpenGL/Projects/Jefferson/Jefferson/main.cu(169): warning C4018: '<': signed/unsigned mismatch
E:/Projects/OpenGL/Projects/Jefferson/Jefferson/main.cu(181): warning C4244: 'argument': conversion from 'float' to 'int', possible loss of data
E:/Projects/OpenGL/Projects/Jefferson/Jefferson/graphics.cu(527): warning C4146: unary minus operator applied to unsigned type, result still unsigned
E:/Projects/OpenGL/Projects/Jefferson/Jefferson/graphics.cu(661): warning C4244: 'initializing': conversion from 'double' to 'float', possible loss of data
E:/Projects/OpenGL/Projects/Jefferson/Jefferson/graphics.cu(663): warning C4244: 'initializing': conversion from 'double' to 'float', possible loss of data
E:/Projects/OpenGL/Projects/Jefferson/Jefferson/graphics.cu(890): warning C4477: 'printf' : format string '%ld' requires an argument of type 'long', but variadic argument 1 has type '::size_t'
  E:/Projects/OpenGL/Projects/Jefferson/Jefferson/graphics.cu(890): note: consider using '%zd' in the format string
E:/Projects/OpenGL/Projects/Jefferson/Jefferson/cudaPart.cu(50): warning : conversion from a string literal to "char *" is deprecated
E:/Projects/OpenGL/Projects/Jefferson/Jefferson/cudaPart.cu(51): warning : conversion from a string literal to "char *" is deprecated
  cudaPart.cu
E:/Projects/OpenGL/Projects/Jefferson/Jefferson/cudaPart.cu(14): warning C4244: 'initializing': conversion from 'sf_count_t' to 'int', possible loss of data
E:/Projects/OpenGL/Projects/Jefferson/Jefferson/cudaPart.cu(34): warning C4244: '=': conversion from 'double' to 'float', possible loss of data
C:\Program Files\NVIDIA GPU Computing Toolkit\CUDA\v9.2\include\thrust/system/cuda/detail/reduce.h(947): warning C4244: 'argument': conversion from 'size_type' to 'int', possible loss of data
  C:\Program Files\NVIDIA GPU Computing Toolkit\CUDA\v9.2\include\thrust/system/cuda/detail/transform_reduce.h(58): note: see reference to function template instantiation 'T thrust::cuda_cub::reduce_n<thrust::cuda_cub::tag,transformed_iterator_t,size_type,T,ReduceOp>(thrust::cuda_cub::execution_policy<thrust::cuda_cub::tag> &,InputIt,Size,T,BinaryOp)' being compiled
          with
          [
              T=float,
              ReduceOp=thrust::plus<float>,
              InputIt=transformed_iterator_t,
              Size=size_type,
              BinaryOp=thrust::plus<float>
          ]
  C:\Program Files\NVIDIA GPU Computing Toolkit\CUDA\v9.2\include\thrust/detail/transform_reduce.inl(47): note: see reference to function template instantiation 'T thrust::cuda_cub::transform_reduce<thrust::cuda_cub::tag,InputIterator,UnaryFunction,OutputType,BinaryFunction>(thrust::cuda_cub::execution_policy<thrust::cuda_cub::tag> &,InputIt,InputIt,TransformOp,T,ReduceOp)' being compiled
          with
          [
              T=float,
              InputIterator=thrust::device_ptr<float>,
              UnaryFunction=square<float>,
              OutputType=float,
              BinaryFunction=thrust::plus<float>,
              InputIt=thrust::device_ptr<float>,
              TransformOp=square<float>,
              ReduceOp=thrust::plus<float>
          ]
  C:\Program Files\NVIDIA GPU Computing Toolkit\CUDA\v9.2\include\thrust/detail/transform_reduce.inl(67): note: see reference to function template instantiation 'OutputType thrust::transform_reduce<DerivedPolicy,InputIterator,UnaryFunction,OutputType,BinaryFunction>(const thrust::detail::execution_policy_base<DerivedPolicy> &,InputIterator,InputIterator,UnaryFunction,OutputType,BinaryFunction)' being compiled
          with
          [
              OutputType=float,
              DerivedPolicy=thrust::cuda_cub::tag,
              InputIterator=thrust::device_ptr<float>,
              UnaryFunction=square<float>,
              BinaryFunction=thrust::plus<float>
          ]
  E:/Projects/OpenGL/Projects/Jefferson/Jefferson/cudaPart.cu(113): note: see reference to function template instantiation 'OutputType thrust::transform_reduce<thrust::device_ptr<float>,square<float>,float,thrust::plus<float>>(InputIterator,InputIterator,UnaryFunction,OutputType,BinaryFunction)' being compiled
          with
          [
              OutputType=float,
              InputIterator=thrust::device_ptr<float>,
              UnaryFunction=square<float>,
              BinaryFunction=thrust::plus<float>
          ]
C:\Program Files\NVIDIA GPU Computing Toolkit\CUDA\v9.2\include\thrust/system/cuda/detail/reduce.h(970): warning C4244: 'argument': conversion from 'size_type' to 'int', possible loss of data
  hrtf_signals.cpp
  load_3ds.cpp
e:\projects\opengl\projects\jefferson\jefferson\load_3ds.cpp(57): warning C4996: 'fopen': This function or variable may be unsafe. Consider using fopen_s instead. To disable deprecation, use _CRT_SECURE_NO_WARNINGS. See online help for details.
  c:\program files (x86)\windows kits\10\include\10.0.16299.0\ucrt\stdio.h(207): note: see declaration of 'fopen'
e:\projects\opengl\projects\jefferson\jefferson\load_3ds.cpp(63): warning C4996: 'filelength': The POSIX name for this item is deprecated. Instead, use the ISO C and C++ conformant name: _filelength. See online help for details.
  c:\program files (x86)\windows kits\10\include\10.0.16299.0\ucrt\corecrt_io.h(486): note: see declaration of 'filelength'
  mat_matr.cpp
  mat_vect.cpp
  object.cpp
e:\projects\opengl\projects\jefferson\jefferson\object.cpp(78): warning C4244: 'argument': conversion from 'float' to 'int', possible loss of data
  texture.cpp
e:\projects\opengl\projects\jefferson\jefferson\texture.cpp(57): warning C4996: 'fopen': This function or variable may be unsafe. Consider using fopen_s instead. To disable deprecation, use _CRT_SECURE_NO_WARNINGS. See online help for details.
  c:\program files (x86)\windows kits\10\include\10.0.16299.0\ucrt\stdio.h(207): note: see declaration of 'fopen'
  Generating Code...
     Creating library E:\Projects\OpenGL\Projects\Jefferson\x64\Debug\Jefferson.lib and object E:\Projects\OpenGL\Projects\Jefferson\x64\Debug\Jefferson.exp
  Jefferson.vcxproj -> E:\Projects\OpenGL\Projects\Jefferson\x64\Debug\Jefferson.exe
