Reading input file
Reading reverb file
Doing GPU Convolution
Samples: 16392894
Total Bytes: 65571576
Total KB: 64034.7421883
Total MB: 62.5339283


Opening and Reading HRTF signals
Opening output file




Initializing PortAudio



before paHostApiInitializers[0].
after paHostApiInitializers[0].
before paHostApiInitializers[1].
WASAPI: device idx: 00
WASAPI: ---------------
WASAPI:0| name[Speakers (Realtek High Definition Audio(SST))]
WASAPI:0| form-factor[1]
WASAPI: getting Windows version with GetVersion()
WASAPI: Windows version = 3
WASAPI: IAudioClient version = 2
WASAPI:0| def.SR[48000] max.CH[2] latency{hi[0.010000] lo[0.003000]}
WASAPI: device idx: 01
WASAPI: ---------------
WASAPI:1| name[Microphone Array (Realtek High Definition Audio(SST))]
WASAPI:1| form-factor[4]
WASAPI:1| def.SR[48000] max.CH[4] latency{hi[0.010000] lo[0.001000]}
WASAPI: initialized ok
after paHostApiInitializers[1].
before paHostApiInitializers[2].
Setup called
Enum called
noError = 0
Device 0 has capture alias
Enum called
noError = 0
Enum called
noError = 0
Enum called
noError = 0
Enum called
noError = 0
Device 4 has capture alias
Enum called
noError = 1
Device 5 has render alias
Device 5 has capture alias
Enum called
Interfaces found: 3
Device 0 has capture alias
Device 0 has realtime alias
Interface 0, Name: R
FilterNew: Creating filter 'Realtek HD Audio Mic input with SST'
FilterNew: Opening filter...
DumpConnectionsAndNodes: connections=4, nodes=1
  Connection: 0 - FromNode=0,FromPin=0 -> ToNode=4294967295,ToPin=2
  Connection: 1 - FromNode=0,FromPin=0 -> ToNode=4294967295,ToPin=3
  Connection: 2 - FromNode=4294967295,FromPin=1 -> ToNode=0,ToPin=1
  Connection: 3 - FromNode=0,FromPin=0 -> ToNode=4294967295,ToPin=0
  Node: 0 - {4D837FE0-C555-11D0-8A2B-00A0C9255AC1}
PinNew: Creating pin 0:
PinNew: Checking 1 no of dataranges...
PinNew: DR major format 73647561
PinNew: MaxChannel: 4
PinNew: Format PCM 16 bit supported
PinNew: Default sample rate = 48000 Hz
Failed PinQueryNotificationSupport
PinNew: Finding topology pin...
FindStartConnectionFrom: Startpin 0, Checking 4 connections...
FindStartConnectionFrom: returning 0000026EAB4CE3A8
GetConnectedPin: count=1, forward=0, muxPosition=-1
GetConnectionFrom: Checking 4 connections... (pTo = 0000026EAB4CE3A8)
GetConnectionFrom: Returning 0000026EAB4CE398
PinNew: Getting physical connection...
PinNew: Physical connection found!
PinNew: Creating topology filter '\\?\INTELAUDIO#FUNC_01&VEN_10EC&DEV_0295&SUBSYS_1025121C&REV_1000#4&4985fee&2&0001#{6994ad04-93ef-11d0-a3cc-00a0c9223196}\RtMicInSSTTopo'
FilterNew: Creating filter ''
FilterNew: Opening filter...
DumpConnectionsAndNodes: connections=4, nodes=3
  Connection: 0 - FromNode=4294967295,FromPin=1 -> ToNode=0,ToPin=1
  Connection: 1 - FromNode=0,FromPin=0 -> ToNode=2,ToPin=1
  Connection: 2 - FromNode=2,FromPin=0 -> ToNode=1,ToPin=1
  Connection: 3 - FromNode=1,FromPin=0 -> ToNode=4294967295,ToPin=0
  Node: 0 - {3A5ACC00-C557-11D0-8A2B-00A0C9255AC1}
  Node: 1 - {3A5ACC00-C557-11D0-8A2B-00A0C9255AC1}
  Node: 2 - {02B223C0-C557-11D0-8A2B-00A0C9255AC1}
PinNew: Opening topology filter...PinNew: Checking for input endpoint pin id (0)...
FindStartConnectionFrom: Startpin 0, Checking 4 connections...
FindStartConnectionFrom: returning 0000026EAB4CE3F8
GetConnectedPin: count=3, forward=0, muxPosition=0
GetConnectionFrom: Checking 4 connections... (pTo = 0000026EAB4CE3F8)
GetConnectionFrom: Returning 0000026EAB4CE3E8
GetConnectedPin: count=3, forward=0, muxPosition=0
GetConnectionFrom: Checking 4 connections... (pTo = 0000026EAB4CE3E8)
GetConnectionFrom: Returning 0000026EAB4CE3D8
GetConnectedPin: count=3, forward=0, muxPosition=0
GetConnectionFrom: Checking 4 connections... (pTo = 0000026EAB4CE3D8)
GetConnectionFrom: Returning 0000026EAB4CE3C8
PinNew: Found endpoint pin id 1
PinNew: Input friendly name 'Microphone Array'
PinNew: Releasing topology filter...
Pin created successfully
PinNew: Creating pin 1:
PinNew: Not source/sink
PinNew: Error -9996
PinNew: Creating pin 2:
PinNew: Checking 1 no of dataranges...
PinNew: DR major format 73647561
PinNew: MaxChannel: 6
PinNew: Format PCM 16 bit supported
PinNew: Default sample rate = 16000 Hz
Failed PinQueryNotificationSupport
PinNew: Finding topology pin...
FindStartConnectionFrom: Startpin 2, Checking 4 connections...
FindStartConnectionFrom: returning 0000026EAB4CE378
GetConnectedPin: count=1, forward=0, muxPosition=-1
GetConnectionFrom: Checking 4 connections... (pTo = 0000026EAB4CE378)
GetConnectionFrom: Returning 0000026EAB4CE398
PinNew: Getting physical connection...
PinNew: Physical connection found!
PinNew: Opening topology filter...PinNew: Checking for input endpoint pin id (0)...
FindStartConnectionFrom: Startpin 0, Checking 4 connections...
FindStartConnectionFrom: returning 0000026EAB4CE3F8
GetConnectedPin: count=3, forward=0, muxPosition=0
GetConnectionFrom: Checking 4 connections... (pTo = 0000026EAB4CE3F8)
GetConnectionFrom: Returning 0000026EAB4CE3E8
GetConnectedPin: count=3, forward=0, muxPosition=0
GetConnectionFrom: Checking 4 connections... (pTo = 0000026EAB4CE3E8)
GetConnectionFrom: Returning 0000026EAB4CE3D8
GetConnectedPin: count=3, forward=0, muxPosition=0
GetConnectionFrom: Checking 4 connections... (pTo = 0000026EAB4CE3D8)
GetConnectionFrom: Returning 0000026EAB4CE3C8
PinNew: Found endpoint pin id 1
PinNew: Input friendly name 'Microphone Array'
PinNew: Releasing topology filter...
Pin created successfully
PinNew: Creating pin 3:
PinNew: Checking 1 no of dataranges...
PinNew: DR major format 73647561
PinNew: MaxChannel: 6
PinNew: Format PCM 16 bit supported
PinNew: Default sample rate = 16000 Hz
Failed PinQueryNotificationSupport
PinNew: Finding topology pin...
FindStartConnectionFrom: Startpin 3, Checking 4 connections...
FindStartConnectionFrom: returning 0000026EAB4CE388
GetConnectedPin: count=1, forward=0, muxPosition=-1
GetConnectionFrom: Checking 4 connections... (pTo = 0000026EAB4CE388)
GetConnectionFrom: Returning 0000026EAB4CE398
PinNew: Getting physical connection...
PinNew: Physical connection found!
PinNew: Opening topology filter...PinNew: Checking for input endpoint pin id (0)...
FindStartConnectionFrom: Startpin 0, Checking 4 connections...
FindStartConnectionFrom: returning 0000026EAB4CE3F8
GetConnectedPin: count=3, forward=0, muxPosition=0
GetConnectionFrom: Checking 4 connections... (pTo = 0000026EAB4CE3F8)
GetConnectionFrom: Returning 0000026EAB4CE3E8
GetConnectedPin: count=3, forward=0, muxPosition=0
GetConnectionFrom: Checking 4 connections... (pTo = 0000026EAB4CE3E8)
GetConnectionFrom: Returning 0000026EAB4CE3D8
GetConnectedPin: count=3, forward=0, muxPosition=0
GetConnectionFrom: Checking 4 connections... (pTo = 0000026EAB4CE3D8)
GetConnectionFrom: Returning 0000026EAB4CE3C8
PinNew: Found endpoint pin id 1
PinNew: Input friendly name 'Microphone Array'
PinNew: Releasing topology filter...
Pin created successfully
Filter (WaveRT) created with 3 valid pins (total I/Os: 3)
Device 4 has capture alias
Device 4 has realtime alias
Interface 4, Name: R
FilterNew: Creating filter 'Realtek HD Audio Stereo input'
FilterNew: Opening filter...
DumpConnectionsAndNodes: connections=2, nodes=1
  Connection: 0 - FromNode=4294967295,FromPin=1 -> ToNode=0,ToPin=1
  Connection: 1 - FromNode=0,FromPin=0 -> ToNode=4294967295,ToPin=0
  Node: 0 - {4D837FE0-C555-11D0-8A2B-00A0C9255AC1}
PinNew: Creating pin 0:
PinNew: Checking 1 no of dataranges...
PinNew: DR major format 73647561
PinNew: MaxChannel: 2
PinNew: Format PCM 16 bit supported
PinNew: Default sample rate = 48000 Hz
Failed PinQueryNotificationSupport
PinNew: Finding topology pin...
FindStartConnectionFrom: Startpin 0, Checking 2 connections...
FindStartConnectionFrom: returning 0000026EB00D8B08
GetConnectedPin: count=1, forward=0, muxPosition=-1
GetConnectionFrom: Checking 2 connections... (pTo = 0000026EB00D8B08)
GetConnectionFrom: Returning 0000026EB00D8AF8
PinNew: Getting physical connection...
PinNew: Physical connection found!
PinNew: Creating topology filter '\\?\INTELAUDIO#FUNC_01&VEN_10EC&DEV_0295&SUBSYS_1025121C&REV_1000#4&4985fee&2&0001#{6994ad04-93ef-11d0-a3cc-00a0c9223196}\RtStereoMixTopo'
FilterNew: Creating filter ''
FilterNew: Opening filter...
DumpConnectionsAndNodes: connections=3, nodes=2
  Connection: 0 - FromNode=4294967295,FromPin=1 -> ToNode=1,ToPin=1
  Connection: 1 - FromNode=1,FromPin=0 -> ToNode=0,ToPin=1
  Connection: 2 - FromNode=0,FromPin=0 -> ToNode=4294967295,ToPin=0
  Node: 0 - {3A5ACC00-C557-11D0-8A2B-00A0C9255AC1}
  Node: 1 - {02B223C0-C557-11D0-8A2B-00A0C9255AC1}
PinNew: Opening topology filter...PinNew: Checking for input endpoint pin id (0)...
FindStartConnectionFrom: Startpin 0, Checking 3 connections...
FindStartConnectionFrom: returning 0000026EA5FE2E48
GetConnectedPin: count=2, forward=0, muxPosition=0
GetConnectionFrom: Checking 3 connections... (pTo = 0000026EA5FE2E48)
GetConnectionFrom: Returning 0000026EA5FE2E38
GetConnectedPin: count=2, forward=0, muxPosition=0
GetConnectionFrom: Checking 3 connections... (pTo = 0000026EA5FE2E38)
GetConnectionFrom: Returning 0000026EA5FE2E28
PinNew: Found endpoint pin id 1
PinNew: Input friendly name 'Stereo Mix'
PinNew: Releasing topology filter...
Pin created successfully
PinNew: Creating pin 1:
PinNew: Not source/sink
PinNew: Error -9996
Filter (WaveRT) created with 1 valid pins (total I/Os: 1)
Device 5 has render alias
Device 5 has capture alias
Device 5 has realtime alias
Interface 5, Name: R
FilterNew: Creating filter 'Realtek HD Audio output with SST'
FilterNew: Opening filter...
DumpConnectionsAndNodes: connections=5, nodes=2
  Connection: 0 - FromNode=1,FromPin=0 -> ToNode=0,ToPin=1
  Connection: 1 - FromNode=4294967295,FromPin=0 -> ToNode=1,ToPin=1
  Connection: 2 - FromNode=4294967295,FromPin=2 -> ToNode=1,ToPin=2
  Connection: 3 - FromNode=1,FromPin=3 -> ToNode=4294967295,ToPin=3
  Connection: 4 - FromNode=0,FromPin=0 -> ToNode=4294967295,ToPin=1
  Node: 0 - {507AE360-C554-11D0-8A2B-00A0C9255AC1}
  Node: 1 - {35CAF6E4-F3B3-4168-BB4B-55E77A461C7E}
PinNew: Creating pin 0:
PinNew: Checking 2 no of dataranges...
PinNew: DR major format 73647561
PinNew: MaxChannel: 2
PinNew: Format PCM 16 bit supported
PinNew: DR major format 73647561
PinNew: MaxChannel: 2
PinNew: Format PCM 16 bit supported
PinNew: Format PCM 24 bit supported
PinNew: Format PCM 32 bit supported
PinNew: Default sample rate = 44100 Hz
Failed PinQueryNotificationSupport
PinNew: Finding topology pin...
FindStartConnectionTo: Startpin 0, Checking 5 connections...
FindStartConnectionTo: returning 0000026EAFA8A578
GetConnectedPin: count=2, forward=1, muxPosition=-1
GetConnectionTo: Checking 5 connections... (pFrom = 0000026EAFA8A578)GetConnectionTo: Returning 0000026EAFA8A568
GetConnectedPin: count=2, forward=1, muxPosition=-1
GetConnectionTo: Checking 5 connections... (pFrom = 0000026EAFA8A568)GetConnectionTo: Returning 0000026EAFA8A5A8
PinNew: Getting physical connection...
PinNew: Physical connection found!
PinNew: Creating topology filter '\\?\INTELAUDIO#FUNC_01&VEN_10EC&DEV_0295&SUBSYS_1025121C&REV_1000#4&4985fee&2&0001#{6994ad04-93ef-11d0-a3cc-00a0c9223196}\RearLineOutTopoSST'
FilterNew: Creating filter ''
FilterNew: Opening filter...
DumpConnectionsAndNodes: connections=4, nodes=3
  Connection: 0 - FromNode=4294967295,FromPin=0 -> ToNode=0,ToPin=1
  Connection: 1 - FromNode=0,FromPin=0 -> ToNode=1,ToPin=1
  Connection: 2 - FromNode=1,FromPin=0 -> ToNode=2,ToPin=1
  Connection: 3 - FromNode=2,FromPin=0 -> ToNode=4294967295,ToPin=1
  Node: 0 - {3A5ACC00-C557-11D0-8A2B-00A0C9255AC1}
  Node: 1 - {02B223C0-C557-11D0-8A2B-00A0C9255AC1}
  Node: 2 - {E88C9BA0-C557-11D0-8A2B-00A0C9255AC1}
PinNew: Opening topology filter...PinNew: Checking for output endpoint pin id...
FindStartConnectionTo: Startpin 0, Checking 4 connections...
FindStartConnectionTo: returning 0000026EAB4CF958
GetConnectedPin: count=3, forward=1, muxPosition=-1
GetConnectionTo: Checking 4 connections... (pFrom = 0000026EAB4CF958)GetConnectionTo: Returning 0000026EAB4CF968
GetConnectedPin: count=3, forward=1, muxPosition=-1
GetConnectionTo: Checking 4 connections... (pFrom = 0000026EAB4CF968)GetConnectionTo: Returning 0000026EAB4CF978
GetConnectedPin: count=3, forward=1, muxPosition=-1
GetConnectionTo: Checking 4 connections... (pFrom = 0000026EAB4CF978)GetConnectionTo: Returning 0000026EAB4CF988
PinNew: Found endpoint pin id 1
GetNameFromCategory: USB GUID 0301 -> 'Speakers'
PinNew: Pin name 'Speakers'
PinNew: Releasing topology filter...
Pin created successfully
PinNew: Creating pin 1:
PinNew: Not source/sink
PinNew: Error -9996
PinNew: Creating pin 2:
PinNew: Checking 1 no of dataranges...
PinNew: DR major format 73647561
PinNew: MaxChannel: 6
PinNew: Format PCM 8 bit supported
PinNew: Format PCM 16 bit supported
PinNew: Format PCM 24 bit supported
PinNew: Default sample rate = 44100 Hz
Failed PinQueryNotificationSupport
PinNew: Finding topology pin...
FindStartConnectionTo: Startpin 2, Checking 5 connections...
FindStartConnectionTo: returning 0000026EAFA8A588
GetConnectedPin: count=2, forward=1, muxPosition=-1
GetConnectionTo: Checking 5 connections... (pFrom = 0000026EAFA8A588)GetConnectionTo: Returning 0000026EAFA8A568
GetConnectedPin: count=2, forward=1, muxPosition=-1
GetConnectionTo: Checking 5 connections... (pFrom = 0000026EAFA8A568)GetConnectionTo: Returning 0000026EAFA8A5A8
PinNew: Getting physical connection...
PinNew: Physical connection found!
PinNew: Opening topology filter...PinNew: Checking for output endpoint pin id...
FindStartConnectionTo: Startpin 0, Checking 4 connections...
FindStartConnectionTo: returning 0000026EAB4CF958
GetConnectedPin: count=3, forward=1, muxPosition=-1
GetConnectionTo: Checking 4 connections... (pFrom = 0000026EAB4CF958)GetConnectionTo: Returning 0000026EAB4CF968
GetConnectedPin: count=3, forward=1, muxPosition=-1
GetConnectionTo: Checking 4 connections... (pFrom = 0000026EAB4CF968)GetConnectionTo: Returning 0000026EAB4CF978
GetConnectedPin: count=3, forward=1, muxPosition=-1
GetConnectionTo: Checking 4 connections... (pFrom = 0000026EAB4CF978)GetConnectionTo: Returning 0000026EAB4CF988
PinNew: Found endpoint pin id 1
GetNameFromCategory: USB GUID 0301 -> 'Speakers'
PinNew: Pin name 'Speakers'
PinNew: Releasing topology filter...
Pin created successfully
PinNew: Creating pin 3:
PinNew: Checking 2 no of dataranges...
PinNew: DR major format 73647561
PinNew: MaxChannel: 2
PinNew: Format PCM 16 bit supported
PinNew: DR major format 73647561
PinNew: MaxChannel: 2
PinNew: Format PCM 16 bit supported
PinNew: Default sample rate = 48000 Hz
Failed PinQueryNotificationSupport
PinNew: Finding topology pin...
FindStartConnectionFrom: Startpin 3, Checking 5 connections...
FindStartConnectionFrom: returning 0000026EAFA8A598
GetConnectedPin: count=2, forward=0, muxPosition=-1
GetConnectionFrom: Checking 5 connections... (pTo = 0000026EAFA8A598)
GetConnectionFrom: Returning 0000026EAFA8A578
PinNew: Getting physical connection...
PinNew: No physical connection! Getting the pin name
Pin created successfully
Filter (WaveRT) created with 3 valid pins (total I/Os: 3)
after paHostApiInitializers[2].
Pa_StartStream: waveInStart returned = 0x0.
ID: 0, VBO: 1



Launching Kernel: id: 0, number of samples: 1310720
Kernel launch successful

ID: 1, VBO: 2



Launching Kernel: id: 1, number of samples: 1310720
Kernel launch successful

ID: 2, VBO: 3



Launching Kernel: id: 2, number of samples: 1310720
Kernel launch successful

ID: 3, VBO: 4



Launching Kernel: id: 3, number of samples: 1310720
Kernel launch successful

ID: 4, VBO: 5



Launching Kernel: id: 4, number of samples: 1310720
Kernel launch successful

ID: 5, VBO: 6



Launching Kernel: id: 5, number of samples: 1310720
Kernel launch successful

ID: 6, VBO: 7



Launching Kernel: id: 6, number of samples: 1310720
Kernel launch successful

ID: 7, VBO: 8



Launching Kernel: id: 7, number of samples: 1310720
Kernel launch successful

ID: 8, VBO: 9



Launching Kernel: id: 8, number of samples: 1310720
Kernel launch successful

ID: 9, VBO: 10



Launching Kernel: id: 9, number of samples: 1310720
Kernel launch successful

ID: 10, VBO: 11



Launching Kernel: id: 10, number of samples: 1310720
Kernel launch successful

ID: 11, VBO: 12



Launching Kernel: id: 11, number of samples: 1310720
Kernel launch successful

ID: 12, VBO: 13



Launching Kernel: id: 12, number of samples: 664254
Kernel launch successful

